#
# There is insufficient memory for the Java Runtime Environment to continue.
# Native memory allocation (malloc) failed to allocate 152960 bytes. Error detail: Chunk::new
# Possible reasons:
#   The system is out of physical RAM or swap space
#   This process is running with CompressedOops enabled, and the Java Heap may be blocking the growth of the native heap
# Possible solutions:
#   Reduce memory load on the system
#   Increase physical memory or swap space
#   Check if swap backing store is full
#   Decrease Java heap size (-Xmx/-Xms)
#   Decrease number of Java threads
#   Decrease Java thread stack sizes (-Xss)
#   Set larger code cache with -XX:ReservedCodeCacheSize=
#   JVM is running with Unscaled Compressed Oops mode in which the Java heap is
#     placed in the first 4GB address space. The Java Heap base address is the
#     maximum limit for the native heap growth. Please use -XX:HeapBaseMinAddress
#     to set the Java Heap base and to place the Java Heap above 4GB virtual address.
# This output file may be truncated or incomplete.
#
#  Out of Memory Error (arena.cpp:191), pid=16324, tid=17292
#
# JRE version: OpenJDK Runtime Environment Temurin-17.0.13+11 (17.0.13+11) (build 17.0.13+11)
# Java VM: OpenJDK 64-Bit Server VM Temurin-17.0.13+11 (17.0.13+11, mixed mode, tiered, compressed oops, compressed class ptrs, parallel gc, windows-amd64)
# No core dump will be written. Minidumps are not enabled by default on client versions of Windows
#

---------------  S U M M A R Y ------------

Command Line: --add-modules=ALL-SYSTEM --add-opens=java.base/java.util=ALL-UNNAMED --add-opens=java.base/java.lang=ALL-UNNAMED --add-opens=java.base/sun.nio.fs=ALL-UNNAMED -Declipse.application=org.eclipse.jdt.ls.core.id1 -Dosgi.bundles.defaultStartLevel=4 -Declipse.product=org.eclipse.jdt.ls.core.product -Djava.import.generatesMetadataFilesAtProjectRoot=false -DDetectVMInstallationsJob.disabled=true -Dfile.encoding=utf8 -XX:+UseParallelGC -XX:GCTimeRatio=4 -XX:AdaptiveSizePolicyWeight=90 -Dsun.zip.disableMemoryMapping=true -Xmx1G -Xms100m -Xlog:disable -javaagent:c:\Users\jasmi\.windsurf\extensions\redhat.java-1.38.0-win32-x64\lombok\lombok-1.18.34.jar -XX:+HeapDumpOnOutOfMemoryError -XX:HeapDumpPath=c:\Users\jasmi\AppData\Roaming\Windsurf\User\workspaceStorage\025abac66a5b61039591faab07e8f122\redhat.java -Daether.dependencyCollector.impl=bf c:\Users\jasmi\.windsurf\extensions\redhat.java-1.38.0-win32-x64\server\plugins\org.eclipse.equinox.launcher_1.6.900.v20240613-2009.jar -configuration c:\Users\jasmi\AppData\Roaming\Windsurf\User\globalStorage\redhat.java\1.38.0\config_win -data c:\Users\jasmi\AppData\Roaming\Windsurf\User\workspaceStorage\025abac66a5b61039591faab07e8f122\redhat.java\jdt_ws --pipe=\\.\pipe\lsp-c514715ab4bbf46f4e3be8490ea59790-sock

Host: AMD Ryzen 5 3500U with Radeon Vega Mobile Gfx  , 8 cores, 5G,  Windows 11 , 64 bit Build 26100 (10.0.26100.2454)
Time: Wed Jan 15 18:56:08 2025 Central European Standard Time elapsed time: 7.211005 seconds (0d 0h 0m 7s)

---------------  T H R E A D  ---------------

Current thread (0x000002785f2a6fb0):  JavaThread "C2 CompilerThread1" daemon [_thread_in_native, id=17292, stack(0x000000a4c7100000,0x000000a4c7200000)]


Current CompileTask:
C2:   7211 1281       4       java.lang.StringLatin1::toUpperCase (186 bytes)

Stack: [0x000000a4c7100000,0x000000a4c7200000]
Native frames: (J=compiled Java code, j=interpreted, Vv=VM code, C=native code)
V  [jvm.dll+0x682a19]
V  [jvm.dll+0x839538]
V  [jvm.dll+0x83afe3]
V  [jvm.dll+0x83b653]
V  [jvm.dll+0x24704f]
V  [jvm.dll+0xace34]
V  [jvm.dll+0xad4cc]
V  [jvm.dll+0x36597e]
V  [jvm.dll+0x32fbd8]
V  [jvm.dll+0x32f05a]
V  [jvm.dll+0x21804f]
V  [jvm.dll+0x21748f]
V  [jvm.dll+0x1a3070]
V  [jvm.dll+0x22788c]
V  [jvm.dll+0x2259eb]
V  [jvm.dll+0x7eec98]
V  [jvm.dll+0x7e8ffc]
V  [jvm.dll+0x6818f7]
C  [ucrtbase.dll+0x14ea0]
C  [KERNEL32.DLL+0x2e8d7]
C  [ntdll.dll+0xdfbcc]


---------------  P R O C E S S  ---------------

Threads class SMR info:
_java_thread_list=0x00000278608ae3f0, length=14, elements={
0x00000278460dc830, 0x0000027859f65020, 0x000002784618a520, 0x0000027859f6d240,
0x0000027859f6dd10, 0x0000027859f6e7e0, 0x000002785f05c410, 0x000002785f05d010,
0x000002785f09c8c0, 0x000002785f0c48c0, 0x000002784613ef00, 0x000002785f3c2d90,
0x00000278608100e0, 0x000002785f2a6fb0
}

Java Threads: ( => current thread )
  0x00000278460dc830 JavaThread "main" [_thread_in_Java, id=19688, stack(0x000000a4c6400000,0x000000a4c6500000)]
  0x0000027859f65020 JavaThread "Reference Handler" daemon [_thread_blocked, id=10040, stack(0x000000a4c6700000,0x000000a4c6800000)]
  0x000002784618a520 JavaThread "Finalizer" daemon [_thread_blocked, id=13052, stack(0x000000a4c6800000,0x000000a4c6900000)]
  0x0000027859f6d240 JavaThread "Signal Dispatcher" daemon [_thread_blocked, id=10188, stack(0x000000a4c6900000,0x000000a4c6a00000)]
  0x0000027859f6dd10 JavaThread "Attach Listener" daemon [_thread_blocked, id=224, stack(0x000000a4c6a00000,0x000000a4c6b00000)]
  0x0000027859f6e7e0 JavaThread "Service Thread" daemon [_thread_blocked, id=5464, stack(0x000000a4c6b00000,0x000000a4c6c00000)]
  0x000002785f05c410 JavaThread "Monitor Deflation Thread" daemon [_thread_blocked, id=16728, stack(0x000000a4c6c00000,0x000000a4c6d00000)]
  0x000002785f05d010 JavaThread "C2 CompilerThread0" daemon [_thread_blocked, id=13892, stack(0x000000a4c6d00000,0x000000a4c6e00000)]
  0x000002785f09c8c0 JavaThread "C1 CompilerThread0" daemon [_thread_blocked, id=15532, stack(0x000000a4c6e00000,0x000000a4c6f00000)]
  0x000002785f0c48c0 JavaThread "Sweeper thread" daemon [_thread_blocked, id=12712, stack(0x000000a4c6f00000,0x000000a4c7000000)]
  0x000002784613ef00 JavaThread "Common-Cleaner" daemon [_thread_blocked, id=19400, stack(0x000000a4c7000000,0x000000a4c7100000)]
  0x000002785f3c2d90 JavaThread "Notification Thread" daemon [_thread_blocked, id=14596, stack(0x000000a4c7200000,0x000000a4c7300000)]
  0x00000278608100e0 JavaThread "Active Thread: Equinox Container: f05202ab-d1eb-45e9-b81a-02357883668f" [_thread_blocked, id=16136, stack(0x000000a4c7a00000,0x000000a4c7b00000)]
=>0x000002785f2a6fb0 JavaThread "C2 CompilerThread1" daemon [_thread_in_native, id=17292, stack(0x000000a4c7100000,0x000000a4c7200000)]

Other Threads:
  0x00000278461660d0 VMThread "VM Thread" [stack: 0x000000a4c6600000,0x000000a4c6700000] [id=876]
  0x000002785f3eed30 WatcherThread [stack: 0x000000a4c7300000,0x000000a4c7400000] [id=888]
  0x00000278460f1a20 GCTaskThread "GC Thread#0" [stack: 0x000000a4c6500000,0x000000a4c6600000] [id=13556]
  0x0000027860737d80 GCTaskThread "GC Thread#1" [stack: 0x000000a4c7400000,0x000000a4c7500000] [id=9896]
  0x0000027860764a80 GCTaskThread "GC Thread#2" [stack: 0x000000a4c7500000,0x000000a4c7600000] [id=1384]
  0x0000027860764d40 GCTaskThread "GC Thread#3" [stack: 0x000000a4c7600000,0x000000a4c7700000] [id=9792]
  0x0000027860765000 GCTaskThread "GC Thread#4" [stack: 0x000000a4c7700000,0x000000a4c7800000] [id=8696]
  0x00000278609a19c0 GCTaskThread "GC Thread#5" [stack: 0x000000a4c7800000,0x000000a4c7900000] [id=20304]
  0x00000278609a1c80 GCTaskThread "GC Thread#6" [stack: 0x000000a4c7900000,0x000000a4c7a00000] [id=3764]

Threads with active compile tasks:
C2 CompilerThread0     7269 1306       4       java.util.LinkedHashMap$LinkedHashIterator::hasNext (13 bytes)
C2 CompilerThread1     7269 1281       4       java.lang.StringLatin1::toUpperCase (186 bytes)

VM state: not at safepoint (normal execution)

VM Mutex/Monitor currently owned by a thread: None

Heap address: 0x00000000c0000000, size: 1024 MB, Compressed Oops mode: 32-bit

CDS archive(s) not mapped
Compressed class space mapped at: 0x0000000100000000-0x0000000140000000, reserved size: 1073741824
Narrow klass base: 0x0000000000000000, Narrow klass shift: 3, Narrow klass range: 0x140000000

GC Precious Log:
 CPUs: 8 total, 8 available
 Memory: 6021M
 Large Page Support: Disabled
 NUMA Support: Disabled
 Compressed Oops: Enabled (32-bit)
 Alignments: Space 512K, Generation 512K, Heap 2M
 Heap Min Capacity: 100M
 Heap Initial Capacity: 100M
 Heap Max Capacity: 1G
 Pre-touch: Disabled
 Parallel Workers: 8

Heap:
 PSYoungGen      total 29696K, used 22183K [0x00000000eab00000, 0x00000000ecc00000, 0x0000000100000000)
  eden space 25600K, 74% used [0x00000000eab00000,0x00000000ebd90a40,0x00000000ec400000)
  from space 4096K, 77% used [0x00000000ec400000,0x00000000ec719508,0x00000000ec800000)
  to   space 4096K, 0% used [0x00000000ec800000,0x00000000ec800000,0x00000000ecc00000)
 ParOldGen       total 68608K, used 16K [0x00000000c0000000, 0x00000000c4300000, 0x00000000eab00000)
  object space 68608K, 0% used [0x00000000c0000000,0x00000000c0004000,0x00000000c4300000)
 Metaspace       used 13537K, committed 13696K, reserved 1114112K
  class space    used 1344K, committed 1408K, reserved 1048576K

Card table byte_map: [0x0000027845a70000,0x0000027845c80000] _byte_map_base: 0x0000027845470000

Marking Bits: (ParMarkBitMap*) 0x00007ffacd536940
 Begin Bits: [0x0000027857d70000, 0x0000027858d70000)
 End Bits:   [0x0000027858d70000, 0x0000027859d70000)

Polling page: 0x0000027844180000

Metaspace:

Usage:
  Non-class:     11.91 MB used.
      Class:      1.31 MB used.
       Both:     13.22 MB used.

Virtual space:
  Non-class space:       64.00 MB reserved,      12.00 MB ( 19%) committed,  1 nodes.
      Class space:        1.00 GB reserved,       1.38 MB ( <1%) committed,  1 nodes.
             Both:        1.06 GB reserved,      13.38 MB (  1%) committed. 

Chunk freelists:
   Non-Class:  3.52 MB
       Class:  14.50 MB
        Both:  18.02 MB

MaxMetaspaceSize: unlimited
CompressedClassSpaceSize: 1.00 GB
Initial GC threshold: 21.00 MB
Current GC threshold: 21.00 MB
CDS: off
MetaspaceReclaimPolicy: balanced
 - commit_granule_bytes: 65536.
 - commit_granule_words: 8192.
 - virtual_space_node_default_size: 8388608.
 - enlarge_chunks_in_place: 1.
 - new_chunks_are_fully_committed: 0.
 - uncommit_free_chunks: 1.
 - use_allocation_guard: 0.
 - handle_deallocations: 1.


Internal statistics:

num_allocs_failed_limit: 0.
num_arena_births: 54.
num_arena_deaths: 0.
num_vsnodes_births: 2.
num_vsnodes_deaths: 0.
num_space_committed: 214.
num_space_uncommitted: 0.
num_chunks_returned_to_freelist: 0.
num_chunks_taken_from_freelist: 202.
num_chunk_merges: 0.
num_chunk_splits: 140.
num_chunks_enlarged: 116.
num_inconsistent_stats: 0.

CodeHeap 'non-profiled nmethods': size=120000Kb used=569Kb max_used=569Kb free=119430Kb
 bounds [0x0000027850840000, 0x0000027850ab0000, 0x0000027857d70000]
CodeHeap 'profiled nmethods': size=120000Kb used=2229Kb max_used=2229Kb free=117770Kb
 bounds [0x0000027848d70000, 0x0000027848fe0000, 0x00000278502a0000]
CodeHeap 'non-nmethods': size=5760Kb used=1152Kb max_used=1171Kb free=4607Kb
 bounds [0x00000278502a0000, 0x0000027850510000, 0x0000027850840000]
 total_blobs=1750 nmethods=1305 adapters=360
 compilation: enabled
              stopped_count=0, restarted_count=0
 full_count=0

Compilation events (20 events):
Event: 5.146 Thread 0x000002785f09c8c0 nmethod 1274 0x0000027848f82110 code [0x0000027848f82300, 0x0000027848f82618]
Event: 5.147 Thread 0x000002785f09c8c0 1275       3       java.lang.ClassLoader::checkCerts (121 bytes)
Event: 5.149 Thread 0x000002785f09c8c0 nmethod 1275 0x0000027848f82810 code [0x0000027848f82b00, 0x0000027848f83908]
Event: 5.150 Thread 0x000002785f09c8c0 1276       3       java.lang.ClassLoader::definePackage (85 bytes)
Event: 5.152 Thread 0x000002785f09c8c0 nmethod 1276 0x0000027848f83e90 code [0x0000027848f84160, 0x0000027848f84ff8]
Event: 5.152 Thread 0x000002785f09c8c0 1277       3       java.lang.Package::isSealed (26 bytes)
Event: 5.153 Thread 0x000002785f09c8c0 nmethod 1277 0x0000027848f85490 code [0x0000027848f85640, 0x0000027848f85938]
Event: 5.159 Thread 0x000002785f05d010 nmethod 1273% 0x00000278508ca610 code [0x00000278508ca7c0, 0x00000278508cad18]
Event: 5.162 Thread 0x000002785f09c8c0 1278       3       java.lang.ClassNotFoundException::<init> (7 bytes)
Event: 5.162 Thread 0x000002785f09c8c0 nmethod 1278 0x0000027848f85a90 code [0x0000027848f85c40, 0x0000027848f85e48]
Event: 5.168 Thread 0x000002785f09c8c0 1279       3       java.net.URLClassLoader::isSealed (72 bytes)
Event: 5.169 Thread 0x000002785f2a6fb0 1281       4       java.lang.StringLatin1::toUpperCase (186 bytes)
Event: 5.171 Thread 0x000002785f09c8c0 nmethod 1279 0x0000027848f85f90 code [0x0000027848f863c0, 0x0000027848f87ff8]
Event: 5.171 Thread 0x000002785f09c8c0 1282       3       java.lang.invoke.MethodType$ConcurrentWeakInternSet::add (66 bytes)
Event: 5.173 Thread 0x000002785f09c8c0 nmethod 1282 0x0000027848f88b10 code [0x0000027848f88d80, 0x0000027848f89a88]
Event: 5.173 Thread 0x000002785f09c8c0 1280       3       sun.security.provider.DigestBase::engineReset (33 bytes)
Event: 5.173 Thread 0x000002785f09c8c0 nmethod 1280 0x0000027848f8a010 code [0x0000027848f8a1c0, 0x0000027848f8a438]
Event: 5.178 Thread 0x000002785f09c8c0 1284   !   3       java.util.jar.JarVerifier::processEntry (440 bytes)
Event: 5.184 Thread 0x000002785f09c8c0 nmethod 1284 0x0000027848f8a510 code [0x0000027848f8a9e0, 0x0000027848f8d0e8]
Event: 5.184 Thread 0x000002785f09c8c0 1285       3       sun.security.util.ManifestEntryVerifier::verify (459 bytes)

GC Heap History (2 events):
Event: 2.108 GC heap before
{Heap before GC invocations=1 (full 0):
 PSYoungGen      total 29696K, used 25600K [0x00000000eab00000, 0x00000000ecc00000, 0x0000000100000000)
  eden space 25600K, 100% used [0x00000000eab00000,0x00000000ec400000,0x00000000ec400000)
  from space 4096K, 0% used [0x00000000ec800000,0x00000000ec800000,0x00000000ecc00000)
  to   space 4096K, 0% used [0x00000000ec400000,0x00000000ec400000,0x00000000ec800000)
 ParOldGen       total 68608K, used 0K [0x00000000c0000000, 0x00000000c4300000, 0x00000000eab00000)
  object space 68608K, 0% used [0x00000000c0000000,0x00000000c0000000,0x00000000c4300000)
 Metaspace       used 10928K, committed 11072K, reserved 1114112K
  class space    used 1085K, committed 1152K, reserved 1048576K
}
Event: 2.121 GC heap after
{Heap after GC invocations=1 (full 0):
 PSYoungGen      total 29696K, used 3173K [0x00000000eab00000, 0x00000000ecc00000, 0x0000000100000000)
  eden space 25600K, 0% used [0x00000000eab00000,0x00000000eab00000,0x00000000ec400000)
  from space 4096K, 77% used [0x00000000ec400000,0x00000000ec719508,0x00000000ec800000)
  to   space 4096K, 0% used [0x00000000ec800000,0x00000000ec800000,0x00000000ecc00000)
 ParOldGen       total 68608K, used 16K [0x00000000c0000000, 0x00000000c4300000, 0x00000000eab00000)
  object space 68608K, 0% used [0x00000000c0000000,0x00000000c0004000,0x00000000c4300000)
 Metaspace       used 10928K, committed 11072K, reserved 1114112K
  class space    used 1085K, committed 1152K, reserved 1048576K
}

Dll operation events (8 events):
Event: 0.027 Loaded shared library c:\Users\jasmi\.windsurf\extensions\redhat.java-1.38.0-win32-x64\jre\17.0.13-win32-x86_64\bin\java.dll
Event: 0.410 Loaded shared library c:\Users\jasmi\.windsurf\extensions\redhat.java-1.38.0-win32-x64\jre\17.0.13-win32-x86_64\bin\zip.dll
Event: 0.423 Loaded shared library C:\Users\jasmi\.windsurf\extensions\redhat.java-1.38.0-win32-x64\jre\17.0.13-win32-x86_64\bin\instrument.dll
Event: 0.459 Loaded shared library C:\Users\jasmi\.windsurf\extensions\redhat.java-1.38.0-win32-x64\jre\17.0.13-win32-x86_64\bin\net.dll
Event: 0.467 Loaded shared library C:\Users\jasmi\.windsurf\extensions\redhat.java-1.38.0-win32-x64\jre\17.0.13-win32-x86_64\bin\nio.dll
Event: 0.490 Loaded shared library C:\Users\jasmi\.windsurf\extensions\redhat.java-1.38.0-win32-x64\jre\17.0.13-win32-x86_64\bin\zip.dll
Event: 0.538 Loaded shared library C:\Users\jasmi\.windsurf\extensions\redhat.java-1.38.0-win32-x64\jre\17.0.13-win32-x86_64\bin\jimage.dll
Event: 0.707 Loaded shared library c:\Users\jasmi\.windsurf\extensions\redhat.java-1.38.0-win32-x64\jre\17.0.13-win32-x86_64\bin\verify.dll

Deoptimization events (20 events):
Event: 2.603 Thread 0x00000278460dc830 DEOPT PACKING pc=0x000002785087f0b4 sp=0x000000a4c64f84c0
Event: 2.603 Thread 0x00000278460dc830 DEOPT UNPACKING pc=0x00000278502f66a3 sp=0x000000a4c64f8428 mode 2
Event: 2.606 Thread 0x00000278460dc830 DEOPT PACKING pc=0x0000027848de28a1 sp=0x000000a4c64f7980
Event: 2.606 Thread 0x00000278460dc830 DEOPT UNPACKING pc=0x00000278502f6e43 sp=0x000000a4c64f6e30 mode 0
Event: 2.627 Thread 0x00000278460dc830 DEOPT PACKING pc=0x0000027848de28a1 sp=0x000000a4c64f3d90
Event: 2.627 Thread 0x00000278460dc830 DEOPT UNPACKING pc=0x00000278502f6e43 sp=0x000000a4c64f3240 mode 0
Event: 2.639 Thread 0x00000278460dc830 DEOPT PACKING pc=0x0000027848de28a1 sp=0x000000a4c64f3d90
Event: 2.639 Thread 0x00000278460dc830 DEOPT UNPACKING pc=0x00000278502f6e43 sp=0x000000a4c64f3240 mode 0
Event: 2.658 Thread 0x00000278460dc830 DEOPT PACKING pc=0x0000027848de28a1 sp=0x000000a4c64f3d90
Event: 2.659 Thread 0x00000278460dc830 DEOPT UNPACKING pc=0x00000278502f6e43 sp=0x000000a4c64f3240 mode 0
Event: 2.673 Thread 0x00000278460dc830 DEOPT PACKING pc=0x0000027848de28a1 sp=0x000000a4c64f7890
Event: 2.673 Thread 0x00000278460dc830 DEOPT UNPACKING pc=0x00000278502f6e43 sp=0x000000a4c64f6d40 mode 0
Event: 5.178 Thread 0x00000278460dc830 Uncommon trap: trap_request=0xffffffde fr.pc=0x0000027850894e18 relative=0x0000000000000978
Event: 5.178 Thread 0x00000278460dc830 Uncommon trap: reason=class_check action=maybe_recompile pc=0x0000027850894e18 method=java.util.HashMap.putVal(ILjava/lang/Object;Ljava/lang/Object;ZZ)Ljava/lang/Object; @ 253 c2
Event: 5.178 Thread 0x00000278460dc830 DEOPT PACKING pc=0x0000027850894e18 sp=0x000000a4c64fdd80
Event: 5.178 Thread 0x00000278460dc830 DEOPT UNPACKING pc=0x00000278502f66a3 sp=0x000000a4c64fdd00 mode 2
Event: 5.184 Thread 0x00000278460dc830 Uncommon trap: trap_request=0xffffffde fr.pc=0x0000027850894e18 relative=0x0000000000000978
Event: 5.184 Thread 0x00000278460dc830 Uncommon trap: reason=class_check action=maybe_recompile pc=0x0000027850894e18 method=java.util.HashMap.putVal(ILjava/lang/Object;Ljava/lang/Object;ZZ)Ljava/lang/Object; @ 253 c2
Event: 5.184 Thread 0x00000278460dc830 DEOPT PACKING pc=0x0000027850894e18 sp=0x000000a4c64fdd80
Event: 5.184 Thread 0x00000278460dc830 DEOPT UNPACKING pc=0x00000278502f66a3 sp=0x000000a4c64fdd00 mode 2

Classes loaded (20 events):
Event: 4.137 Loading class java/util/concurrent/ForkJoinPool$DefaultForkJoinWorkerThreadFactory
Event: 4.138 Loading class java/util/concurrent/ForkJoinPool$ForkJoinWorkerThreadFactory
Event: 4.138 Loading class java/util/concurrent/ForkJoinPool$ForkJoinWorkerThreadFactory done
Event: 4.138 Loading class java/util/concurrent/ForkJoinPool$DefaultForkJoinWorkerThreadFactory done
Event: 4.138 Loading class java/util/concurrent/ForkJoinPool$1
Event: 4.138 Loading class java/util/concurrent/ForkJoinPool$1 done
Event: 4.138 Loading class java/util/concurrent/ForkJoinPool$DefaultCommonPoolForkJoinWorkerThreadFactory
Event: 4.138 Loading class java/util/concurrent/ForkJoinPool$DefaultCommonPoolForkJoinWorkerThreadFactory done
Event: 4.138 Loading class java/util/concurrent/ForkJoinPool$WorkQueue
Event: 4.139 Loading class java/util/concurrent/ForkJoinPool$WorkQueue done
Event: 4.139 Loading class java/util/concurrent/ForkJoinWorkerThread
Event: 4.139 Loading class java/util/concurrent/ForkJoinWorkerThread done
Event: 5.073 Loading class java/util/ArrayList$ListItr
Event: 5.073 Loading class java/util/ArrayList$ListItr done
Event: 5.116 Loading class java/util/LinkedList
Event: 5.117 Loading class java/util/AbstractSequentialList
Event: 5.117 Loading class java/util/AbstractSequentialList done
Event: 5.118 Loading class java/util/LinkedList done
Event: 5.182 Loading class java/util/ConcurrentModificationException
Event: 5.182 Loading class java/util/ConcurrentModificationException done

Classes unloaded (0 events):
No events

Classes redefined (0 events):
No events

Internal exceptions (20 events):
Event: 1.421 Thread 0x00000278460dc830 Exception <a 'java/io/FileNotFoundException'{0x00000000eb89f170}> (0x00000000eb89f170) 
thrown [s\src\hotspot\share\prims\jni.cpp, line 516]
Event: 1.422 Thread 0x00000278460dc830 Exception <a 'java/io/FileNotFoundException'{0x00000000eb89fe60}> (0x00000000eb89fe60) 
thrown [s\src\hotspot\share\prims\jni.cpp, line 516]
Event: 1.431 Thread 0x00000278460dc830 Implicit null exception at 0x00000278508668f2 to 0x0000027850866e10
Event: 1.436 Thread 0x00000278460dc830 Exception <a 'java/io/FileNotFoundException'{0x00000000eb8da9b8}> (0x00000000eb8da9b8) 
thrown [s\src\hotspot\share\prims\jni.cpp, line 516]
Event: 1.914 Thread 0x00000278460dc830 Exception <a 'java/lang/ClassNotFoundException'{0x00000000ec11d480}: sun/net/www/protocol/c/Handler> (0x00000000ec11d480) 
thrown [s\src\hotspot\share\classfile\systemDictionary.cpp, line 256]
Event: 1.915 Thread 0x00000278460dc830 Exception <a 'java/lang/ClassNotFoundException'{0x00000000ec11e7c0}: sun/net/www/protocol/c/Handler> (0x00000000ec11e7c0) 
thrown [s\src\hotspot\share\classfile\systemDictionary.cpp, line 256]
Event: 1.915 Thread 0x00000278460dc830 Exception <a 'java/lang/ClassNotFoundException'{0x00000000ec11f938}: sun/net/www/protocol/c/Handler> (0x00000000ec11f938) 
thrown [s\src\hotspot\share\classfile\systemDictionary.cpp, line 256]
Event: 1.933 Thread 0x00000278460dc830 Exception <a 'java/io/FileNotFoundException'{0x00000000ec147d08}> (0x00000000ec147d08) 
thrown [s\src\hotspot\share\prims\jni.cpp, line 516]
Event: 2.019 Thread 0x00000278460dc830 Implicit null exception at 0x0000027850886cdb to 0x00000278508875fc
Event: 2.019 Thread 0x00000278460dc830 Implicit null exception at 0x000002785088cf0c to 0x000002785088d124
Event: 2.020 Thread 0x00000278460dc830 Implicit null exception at 0x000002785088bf0e to 0x000002785088c154
Event: 2.020 Thread 0x00000278460dc830 Implicit null exception at 0x0000027850889b0f to 0x0000027850889b85
Event: 2.132 Thread 0x00000278460dc830 Exception <a 'java/lang/NoSuchMethodError'{0x00000000eab23270}: 'int java.lang.invoke.DirectMethodHandle$Holder.invokeStaticInit(java.lang.Object, java.lang.Object, java.lang.Object, java.lang.Object)'> (0x00000000eab23270) 
thrown [s\src\hotspot\share\interpreter\linkResolver.cpp, line 759]
Event: 2.135 Thread 0x00000278460dc830 Exception <a 'java/lang/NoSuchMethodError'{0x00000000eab2d9d8}: 'java.lang.Object java.lang.invoke.DirectMethodHandle$Holder.invokeInterface(java.lang.Object, java.lang.Object)'> (0x00000000eab2d9d8) 
thrown [s\src\hotspot\share\interpreter\linkResolver.cpp, line 759]
Event: 2.136 Thread 0x00000278460dc830 Exception <a 'java/lang/IncompatibleClassChangeError'{0x00000000eab311d0}: Found class java.lang.Object, but interface was expected> (0x00000000eab311d0) 
thrown [s\src\hotspot\share\interpreter\linkResolver.cpp, line 826]
Event: 2.138 Thread 0x00000278460dc830 Exception <a 'java/lang/NoSuchMethodError'{0x00000000eab356b0}: 'void java.lang.invoke.DirectMethodHandle$Holder.invokeStatic(java.lang.Object, java.lang.Object)'> (0x00000000eab356b0) 
thrown [s\src\hotspot\share\interpreter\linkResolver.cpp, line 759]
Event: 2.139 Thread 0x00000278460dc830 Exception <a 'java/lang/NoSuchMethodError'{0x00000000eab38eb0}: 'void java.lang.invoke.DirectMethodHandle$Holder.invokeStaticInit(java.lang.Object, java.lang.Object)'> (0x00000000eab38eb0) 
thrown [s\src\hotspot\share\interpreter\linkResolver.cpp, line 759]
Event: 2.141 Thread 0x00000278460dc830 Exception <a 'java/lang/NoSuchMethodError'{0x00000000eab40390}: 'int java.lang.invoke.DirectMethodHandle$Holder.invokeStaticInit(java.lang.Object, java.lang.Object)'> (0x00000000eab40390) 
thrown [s\src\hotspot\share\interpreter\linkResolver.cpp, line 759]
Event: 2.310 Thread 0x00000278460dc830 Exception <a 'java/lang/NoSuchMethodError'{0x00000000eaccf600}: 'void java.lang.invoke.DirectMethodHandle$Holder.invokeSpecial(java.lang.Object, java.lang.Object, java.lang.Object)'> (0x00000000eaccf600) 
thrown [s\src\hotspot\share\interpreter\linkResolver.cpp, line 759]
Event: 5.132 Thread 0x00000278460dc830 Exception <a 'java/lang/NoSuchMethodError'{0x00000000ebaf4828}: 'java.lang.Object java.lang.invoke.DirectMethodHandle$Holder.newInvokeSpecial(java.lang.Object, int, java.lang.Object)'> (0x00000000ebaf4828) 
thrown [s\src\hotspot\share\interpreter\linkResolver.cpp, line 759]

VM Operations (20 events):
Event: 1.319 Executing VM operation: HandshakeAllThreads done
Event: 1.319 Executing VM operation: Cleanup
Event: 1.319 Executing VM operation: Cleanup done
Event: 1.361 Executing VM operation: HandshakeAllThreads
Event: 1.361 Executing VM operation: HandshakeAllThreads done
Event: 1.877 Executing VM operation: HandshakeAllThreads
Event: 1.877 Executing VM operation: HandshakeAllThreads done
Event: 2.108 Executing VM operation: ParallelGCFailedAllocation
Event: 2.121 Executing VM operation: ParallelGCFailedAllocation done
Event: 3.125 Executing VM operation: Cleanup
Event: 3.125 Executing VM operation: Cleanup done
Event: 4.139 Executing VM operation: Cleanup
Event: 5.034 Executing VM operation: Cleanup done
Event: 5.047 Executing VM operation: HandshakeAllThreads
Event: 5.047 Executing VM operation: HandshakeAllThreads done
Event: 5.073 Executing VM operation: HandshakeAllThreads
Event: 5.073 Executing VM operation: HandshakeAllThreads done
Event: 5.118 Executing VM operation: HandshakeAllThreads
Event: 5.118 Executing VM operation: HandshakeAllThreads done
Event: 6.122 Executing VM operation: Cleanup

Memory protections (0 events):
No events

Nmethod flushes (0 events):
No events

Events (16 events):
Event: 0.092 Thread 0x00000278460dc830 Thread added: 0x00000278460dc830
Event: 0.123 Thread 0x00000278460dc830 Thread added: 0x0000027859f65020
Event: 0.125 Thread 0x00000278460dc830 Thread added: 0x000002784618a520
Event: 0.164 Thread 0x00000278460dc830 Thread added: 0x0000027859f6d240
Event: 0.164 Thread 0x00000278460dc830 Thread added: 0x0000027859f6dd10
Event: 0.164 Thread 0x00000278460dc830 Thread added: 0x0000027859f6e7e0
Event: 0.165 Thread 0x00000278460dc830 Thread added: 0x000002785f05c410
Event: 0.165 Thread 0x00000278460dc830 Thread added: 0x000002785f05d010
Event: 0.167 Thread 0x00000278460dc830 Thread added: 0x000002785f09c8c0
Event: 0.167 Thread 0x00000278460dc830 Thread added: 0x000002785f0c48c0
Event: 0.306 Thread 0x00000278460dc830 Thread added: 0x000002784613ef00
Event: 0.396 Thread 0x000002785f09c8c0 Thread added: 0x000002785f2a2a80
Event: 0.920 Thread 0x00000278460dc830 Thread added: 0x000002785f3c2d90
Event: 2.258 Thread 0x000002785f2a2a80 Thread exited: 0x000002785f2a2a80
Event: 4.132 Thread 0x00000278460dc830 Thread added: 0x00000278608100e0
Event: 5.034 Thread 0x000002785f09c8c0 Thread added: 0x000002785f2a6fb0


Dynamic libraries:
0x00007ff7fc1a0000 - 0x00007ff7fc1ae000 	c:\Users\jasmi\.windsurf\extensions\redhat.java-1.38.0-win32-x64\jre\17.0.13-win32-x86_64\bin\java.exe
0x00007ffb5a360000 - 0x00007ffb5a5c3000 	C:\WINDOWS\SYSTEM32\ntdll.dll
0x00007ffb582e0000 - 0x00007ffb583a8000 	C:\WINDOWS\System32\KERNEL32.DLL
0x00007ffb57d60000 - 0x00007ffb58112000 	C:\WINDOWS\System32\KERNELBASE.dll
0x00007ffb579e0000 - 0x00007ffb57b2b000 	C:\WINDOWS\System32\ucrtbase.dll
0x00007ffb2d440000 - 0x00007ffb2d45e000 	c:\Users\jasmi\.windsurf\extensions\redhat.java-1.38.0-win32-x64\jre\17.0.13-win32-x86_64\bin\VCRUNTIME140.dll
0x00007ffb48f00000 - 0x00007ffb48f17000 	c:\Users\jasmi\.windsurf\extensions\redhat.java-1.38.0-win32-x64\jre\17.0.13-win32-x86_64\bin\jli.dll
0x00007ffb494e0000 - 0x00007ffb49770000 	C:\WINDOWS\WinSxS\amd64_microsoft.windows.common-controls_6595b64144ccf1df_6.0.26100.2454_none_3e0b68a2e331ad60\COMCTL32.dll
0x00007ffb5a150000 - 0x00007ffb5a318000 	C:\WINDOWS\System32\USER32.dll
0x00007ffb59ee0000 - 0x00007ffb59f89000 	C:\WINDOWS\System32\msvcrt.dll
0x00007ffb57730000 - 0x00007ffb57757000 	C:\WINDOWS\System32\win32u.dll
0x00007ffb593e0000 - 0x00007ffb5940a000 	C:\WINDOWS\System32\GDI32.dll
0x00007ffb578b0000 - 0x00007ffb579db000 	C:\WINDOWS\System32\gdi32full.dll
0x00007ffb57b30000 - 0x00007ffb57bd3000 	C:\WINDOWS\System32\msvcp_win.dll
0x00007ffb59410000 - 0x00007ffb5943f000 	C:\WINDOWS\System32\IMM32.DLL
0x00007ffb32760000 - 0x00007ffb3276c000 	c:\Users\jasmi\.windsurf\extensions\redhat.java-1.38.0-win32-x64\jre\17.0.13-win32-x86_64\bin\vcruntime140_1.dll
0x00007ffb16c40000 - 0x00007ffb16ccd000 	c:\Users\jasmi\.windsurf\extensions\redhat.java-1.38.0-win32-x64\jre\17.0.13-win32-x86_64\bin\msvcp140.dll
0x00007ffacc990000 - 0x00007ffacd5fb000 	c:\Users\jasmi\.windsurf\extensions\redhat.java-1.38.0-win32-x64\jre\17.0.13-win32-x86_64\bin\server\jvm.dll
0x00007ffb59bd0000 - 0x00007ffb59c84000 	C:\WINDOWS\System32\ADVAPI32.dll
0x00007ffb58970000 - 0x00007ffb58a16000 	C:\WINDOWS\System32\sechost.dll
0x00007ffb581c0000 - 0x00007ffb582d6000 	C:\WINDOWS\System32\RPCRT4.dll
0x00007ffb59f90000 - 0x00007ffb5a004000 	C:\WINDOWS\System32\WS2_32.dll
0x00007ffb575c0000 - 0x00007ffb5760e000 	C:\WINDOWS\SYSTEM32\POWRPROF.dll
0x00007ffb4d700000 - 0x00007ffb4d70b000 	C:\WINDOWS\SYSTEM32\VERSION.dll
0x00007ffb4d6c0000 - 0x00007ffb4d6f6000 	C:\WINDOWS\SYSTEM32\WINMM.dll
0x00007ffb575a0000 - 0x00007ffb575b4000 	C:\WINDOWS\SYSTEM32\UMPDC.dll
0x00007ffb56530000 - 0x00007ffb5654a000 	C:\WINDOWS\SYSTEM32\kernel.appcore.dll
0x00007ffb31a00000 - 0x00007ffb31a0a000 	c:\Users\jasmi\.windsurf\extensions\redhat.java-1.38.0-win32-x64\jre\17.0.13-win32-x86_64\bin\jimage.dll
0x00007ffb551c0000 - 0x00007ffb55401000 	C:\WINDOWS\SYSTEM32\DBGHELP.DLL
0x00007ffb595f0000 - 0x00007ffb5996e000 	C:\WINDOWS\System32\combase.dll
0x00007ffb59300000 - 0x00007ffb593d6000 	C:\WINDOWS\System32\OLEAUT32.dll
0x00007ffb3af50000 - 0x00007ffb3af89000 	C:\WINDOWS\SYSTEM32\dbgcore.DLL
0x00007ffb58120000 - 0x00007ffb581b9000 	C:\WINDOWS\System32\bcryptPrimitives.dll
0x00007ffb31430000 - 0x00007ffb3143e000 	c:\Users\jasmi\.windsurf\extensions\redhat.java-1.38.0-win32-x64\jre\17.0.13-win32-x86_64\bin\instrument.dll
0x00007ffb240f0000 - 0x00007ffb24115000 	c:\Users\jasmi\.windsurf\extensions\redhat.java-1.38.0-win32-x64\jre\17.0.13-win32-x86_64\bin\java.dll
0x00007ffb1d400000 - 0x00007ffb1d418000 	c:\Users\jasmi\.windsurf\extensions\redhat.java-1.38.0-win32-x64\jre\17.0.13-win32-x86_64\bin\zip.dll
0x00007ffb58bf0000 - 0x00007ffb592f1000 	C:\WINDOWS\System32\SHELL32.dll
0x00007ffb55420000 - 0x00007ffb55c51000 	C:\WINDOWS\SYSTEM32\windows.storage.dll
0x00007ffb5a010000 - 0x00007ffb5a0ea000 	C:\WINDOWS\System32\SHCORE.dll
0x00007ffb59e20000 - 0x00007ffb59e7d000 	C:\WINDOWS\System32\shlwapi.dll
0x00007ffb57640000 - 0x00007ffb5766e000 	C:\WINDOWS\SYSTEM32\profapi.dll
0x00007ffb176e0000 - 0x00007ffb176f9000 	C:\Users\jasmi\.windsurf\extensions\redhat.java-1.38.0-win32-x64\jre\17.0.13-win32-x86_64\bin\net.dll
0x00007ffb4fdd0000 - 0x00007ffb4fef6000 	C:\WINDOWS\SYSTEM32\WINHTTP.dll
0x00007ffb56a10000 - 0x00007ffb56a78000 	C:\WINDOWS\system32\mswsock.dll
0x00007ffb17460000 - 0x00007ffb17476000 	C:\Users\jasmi\.windsurf\extensions\redhat.java-1.38.0-win32-x64\jre\17.0.13-win32-x86_64\bin\nio.dll
0x00007ffb30c60000 - 0x00007ffb30c70000 	c:\Users\jasmi\.windsurf\extensions\redhat.java-1.38.0-win32-x64\jre\17.0.13-win32-x86_64\bin\verify.dll

dbghelp: loaded successfully - version: 4.0.5 - missing functions: none
symbol engine: initialized successfully - sym options: 0x614 - pdb path: .;c:\Users\jasmi\.windsurf\extensions\redhat.java-1.38.0-win32-x64\jre\17.0.13-win32-x86_64\bin;C:\WINDOWS\SYSTEM32;C:\WINDOWS\WinSxS\amd64_microsoft.windows.common-controls_6595b64144ccf1df_6.0.26100.2454_none_3e0b68a2e331ad60;c:\Users\jasmi\.windsurf\extensions\redhat.java-1.38.0-win32-x64\jre\17.0.13-win32-x86_64\bin\server

VM Arguments:
jvm_args: --add-modules=ALL-SYSTEM --add-opens=java.base/java.util=ALL-UNNAMED --add-opens=java.base/java.lang=ALL-UNNAMED --add-opens=java.base/sun.nio.fs=ALL-UNNAMED -Declipse.application=org.eclipse.jdt.ls.core.id1 -Dosgi.bundles.defaultStartLevel=4 -Declipse.product=org.eclipse.jdt.ls.core.product -Djava.import.generatesMetadataFilesAtProjectRoot=false -DDetectVMInstallationsJob.disabled=true -Dfile.encoding=utf8 -XX:+UseParallelGC -XX:GCTimeRatio=4 -XX:AdaptiveSizePolicyWeight=90 -Dsun.zip.disableMemoryMapping=true -Xmx1G -Xms100m -Xlog:disable -javaagent:c:\Users\jasmi\.windsurf\extensions\redhat.java-1.38.0-win32-x64\lombok\lombok-1.18.34.jar -XX:+HeapDumpOnOutOfMemoryError -XX:HeapDumpPath=c:\Users\jasmi\AppData\Roaming\Windsurf\User\workspaceStorage\025abac66a5b61039591faab07e8f122\redhat.java -Daether.dependencyCollector.impl=bf 
java_command: c:\Users\jasmi\.windsurf\extensions\redhat.java-1.38.0-win32-x64\server\plugins\org.eclipse.equinox.launcher_1.6.900.v20240613-2009.jar -configuration c:\Users\jasmi\AppData\Roaming\Windsurf\User\globalStorage\redhat.java\1.38.0\config_win -data c:\Users\jasmi\AppData\Roaming\Windsurf\User\workspaceStorage\025abac66a5b61039591faab07e8f122\redhat.java\jdt_ws --pipe=\\.\pipe\lsp-c514715ab4bbf46f4e3be8490ea59790-sock
java_class_path (initial): c:\Users\jasmi\.windsurf\extensions\redhat.java-1.38.0-win32-x64\server\plugins\org.eclipse.equinox.launcher_1.6.900.v20240613-2009.jar
Launcher Type: SUN_STANDARD

[Global flags]
    uintx AdaptiveSizePolicyWeight                 = 90                                        {product} {command line}
     intx CICompilerCount                          = 4                                         {product} {ergonomic}
    uintx GCTimeRatio                              = 4                                         {product} {command line}
     bool HeapDumpOnOutOfMemoryError               = true                                   {manageable} {command line}
    ccstr HeapDumpPath                             = c:\Users\jasmi\AppData\Roaming\Windsurf\User\workspaceStorage\025abac66a5b61039591faab07e8f122\redhat.java         {manageable} {command line}
   size_t InitialHeapSize                          = 104857600                                 {product} {command line}
   size_t MaxHeapSize                              = 1073741824                                {product} {command line}
   size_t MaxNewSize                               = 357564416                                 {product} {ergonomic}
   size_t MinHeapDeltaBytes                        = 524288                                    {product} {ergonomic}
   size_t MinHeapSize                              = 104857600                                 {product} {command line}
   size_t NewSize                                  = 34603008                                  {product} {ergonomic}
    uintx NonNMethodCodeHeapSize                   = 5839372                                {pd product} {ergonomic}
    uintx NonProfiledCodeHeapSize                  = 122909434                              {pd product} {ergonomic}
   size_t OldSize                                  = 70254592                                  {product} {ergonomic}
    uintx ProfiledCodeHeapSize                     = 122909434                              {pd product} {ergonomic}
    uintx ReservedCodeCacheSize                    = 251658240                              {pd product} {ergonomic}
     bool SegmentedCodeCache                       = true                                      {product} {ergonomic}
   size_t SoftMaxHeapSize                          = 1073741824                             {manageable} {ergonomic}
     bool UseCompressedClassPointers               = true                           {product lp64_product} {ergonomic}
     bool UseCompressedOops                        = true                           {product lp64_product} {ergonomic}
     bool UseLargePagesIndividualAllocation        = false                                  {pd product} {ergonomic}
     bool UseParallelGC                            = true                                      {product} {command line}

Logging:
Log output configuration:
 #0: stdout all=off uptime,level,tags
 #1: stderr all=off uptime,level,tags

Environment Variables:
JAVA_HOME=C:\Program Files\Java\jdk-17
PATH=C:\Python313\Scripts\;C:\Python313\;C:\Program Files\Common Files\Oracle\Java\javapath;C:\WINDOWS\system32;C:\WINDOWS;C:\WINDOWS\System32\Wbem;C:\WINDOWS\System32\WindowsPowerShell\v1.0\;C:\WINDOWS\System32\OpenSSH\;C:\Program Files\nodejs\;C:\ProgramData\chocolatey\bin;C:\Program Files\Git\cmd;C:\apache-maven-3.9.9\bin;C:\Program Files\Java\jdk-17\bin;C:\Users\jasmi\AppData\Local\Programs\Python\Launcher\;C:\Users\jasmi\AppData\Local\Microsoft\WindowsApps;C:\Users\jasmi\AppData\Local\Programs\Microsoft VS Code\bin;C:\Program Files\JetBrains\IntelliJ IDEA Community Edition 2024.2.4\bin;;C:\Users\jasmi\AppData\Roaming\npm;C:\Users\jasmi\AppData\Local\Programs\Windsurf\bin
USERNAME=jasmi
OS=Windows_NT
PROCESSOR_IDENTIFIER=AMD64 Family 23 Model 24 Stepping 1, AuthenticAMD
TMP=C:\Users\jasmi\AppData\Local\Temp
TEMP=C:\Users\jasmi\AppData\Local\Temp



Periodic native trim disabled


---------------  S Y S T E M  ---------------

OS:
 Windows 11 , 64 bit Build 26100 (10.0.26100.2454)
OS uptime: 0 days 11:48 hours
Hyper-V role detected

CPU: total 8 (initial active 8) (8 cores per cpu, 2 threads per core) family 23 model 24 stepping 1 microcode 0x8108109, cx8, cmov, fxsr, ht, mmx, 3dnowpref, sse, sse2, sse3, ssse3, sse4a, sse4.1, sse4.2, popcnt, lzcnt, tsc, tscinvbit, avx, avx2, aes, clmul, bmi1, bmi2, adx, sha, fma, vzeroupper, clflush, clflushopt, hv
Processor Information for all 8 processors :
  Max Mhz: 2100, Current Mhz: 2100, Mhz Limit: 2100

Memory: 4k page, system-wide physical 6021M (465M free)
TotalPageFile size 24453M (AvailPageFile size 45M)
current process WorkingSet (physical memory assigned to process): 80M, peak: 81M
current process commit charge ("private bytes"): 200M, peak: 203M

vm_info: OpenJDK 64-Bit Server VM (17.0.13+11) for windows-amd64 JRE (17.0.13+11), built on Oct 16 2024 00:10:08 by "admin" with MS VC++ 17.7 (VS2022)

END.
